<?xml version="1.0" encoding="UTF-8"?>
<testsuite xmlns:xsi="http://www.w3.org/2001/XMLSchema-instance" xsi:noNamespaceSchemaLocation="https://maven.apache.org/surefire/maven-surefire-plugin/xsd/surefire-test-report.xsd" name="com.yzx.AppTest" time="0.059" tests="1" errors="0" skipped="0" failures="0">
  <properties>
    <property name="sun.desktop" value="windows"/>
    <property name="awt.toolkit" value="sun.awt.windows.WToolkit"/>
    <property name="file.encoding.pkg" value="sun.io"/>
    <property name="java.specification.version" value="1.8"/>
    <property name="sun.cpu.isalist" value="amd64"/>
    <property name="sun.jnu.encoding" value="GBK"/>
    <property name="java.class.path" value="C:\EXCS\IDEA_exc\SSM_Hotel\parent\service\target\test-classes;C:\EXCS\IDEA_exc\SSM_Hotel\parent\service\target\classes;C:\EXCS\IDEA_exc\SSM_Hotel\parent\mapper\target\mapper-1.0-SNAPSHOT.jar;C:\EXCS\IDEA_exc\SSM_Hotel\parent\model\target\model-1.0-SNAPSHOT.jar;C:\Users\霉偷煤南\.m2\repository\org\mybatis\mybatis\3.4.1\mybatis-3.4.1.jar;C:\Users\霉偷煤南\.m2\repository\org\springframework\spring-beans\4.3.14.RELEASE\spring-beans-4.3.14.RELEASE.jar;C:\Users\霉偷煤南\.m2\repository\org\springframework\spring-core\4.3.14.RELEASE\spring-core-4.3.14.RELEASE.jar;C:\Users\霉偷煤南\.m2\repository\commons-logging\commons-logging\1.2\commons-logging-1.2.jar;C:\Users\霉偷煤南\.m2\repository\org\springframework\spring-context\4.3.14.RELEASE\spring-context-4.3.14.RELEASE.jar;C:\Users\霉偷煤南\.m2\repository\org\springframework\spring-aop\4.3.14.RELEASE\spring-aop-4.3.14.RELEASE.jar;C:\Users\霉偷煤南\.m2\repository\org\springframework\spring-expression\4.3.14.RELEASE\spring-expression-4.3.14.RELEASE.jar;C:\Users\霉偷煤南\.m2\repository\org\springframework\spring-tx\4.3.14.RELEASE\spring-tx-4.3.14.RELEASE.jar;C:\Users\霉偷煤南\.m2\repository\org\junit\jupiter\junit-jupiter-api\5.5.0-M1\junit-jupiter-api-5.5.0-M1.jar;C:\Users\霉偷煤南\.m2\repository\org\apiguardian\apiguardian-api\1.0.0\apiguardian-api-1.0.0.jar;C:\Users\霉偷煤南\.m2\repository\org\opentest4j\opentest4j\1.1.1\opentest4j-1.1.1.jar;C:\Users\霉偷煤南\.m2\repository\org\junit\platform\junit-platform-commons\1.5.0-M1\junit-platform-commons-1.5.0-M1.jar;C:\Users\霉偷煤南\.m2\repository\junit\junit\4.11\junit-4.11.jar;C:\Users\霉偷煤南\.m2\repository\org\hamcrest\hamcrest-core\1.3\hamcrest-core-1.3.jar;"/>
    <property name="java.vm.vendor" value="Oracle Corporation"/>
    <property name="sun.arch.data.model" value="64"/>
    <property name="user.variant" value=""/>
    <property name="java.vendor.url" value="http://java.oracle.com/"/>
    <property name="user.timezone" value="Asia/Shanghai"/>
    <property name="java.vm.specification.version" value="1.8"/>
    <property name="os.name" value="Windows 8.1"/>
    <property name="user.country" value="CN"/>
    <property name="sun.java.launcher" value="SUN_STANDARD"/>
    <property name="sun.boot.library.path" value="C:\Java\jdk1.8.0_11\jre\bin"/>
    <property name="sun.java.command" value="C:\Users\霉偷煤南\AppData\Local\Temp\surefire5148488069916104969\surefirebooter1457796970832278573.jar C:\Users\霉偷煤南\AppData\Local\Temp\surefire5148488069916104969 2019-06-20T09-23-15_926-jvmRun1 surefire2917395305411363902tmp surefire_23051787262313655933tmp"/>
    <property name="surefire.test.class.path" value="C:\EXCS\IDEA_exc\SSM_Hotel\parent\service\target\test-classes;C:\EXCS\IDEA_exc\SSM_Hotel\parent\service\target\classes;C:\EXCS\IDEA_exc\SSM_Hotel\parent\mapper\target\mapper-1.0-SNAPSHOT.jar;C:\EXCS\IDEA_exc\SSM_Hotel\parent\model\target\model-1.0-SNAPSHOT.jar;C:\Users\霉偷煤南\.m2\repository\org\mybatis\mybatis\3.4.1\mybatis-3.4.1.jar;C:\Users\霉偷煤南\.m2\repository\org\springframework\spring-beans\4.3.14.RELEASE\spring-beans-4.3.14.RELEASE.jar;C:\Users\霉偷煤南\.m2\repository\org\springframework\spring-core\4.3.14.RELEASE\spring-core-4.3.14.RELEASE.jar;C:\Users\霉偷煤南\.m2\repository\commons-logging\commons-logging\1.2\commons-logging-1.2.jar;C:\Users\霉偷煤南\.m2\repository\org\springframework\spring-context\4.3.14.RELEASE\spring-context-4.3.14.RELEASE.jar;C:\Users\霉偷煤南\.m2\repository\org\springframework\spring-aop\4.3.14.RELEASE\spring-aop-4.3.14.RELEASE.jar;C:\Users\霉偷煤南\.m2\repository\org\springframework\spring-expression\4.3.14.RELEASE\spring-expression-4.3.14.RELEASE.jar;C:\Users\霉偷煤南\.m2\repository\org\springframework\spring-tx\4.3.14.RELEASE\spring-tx-4.3.14.RELEASE.jar;C:\Users\霉偷煤南\.m2\repository\org\junit\jupiter\junit-jupiter-api\5.5.0-M1\junit-jupiter-api-5.5.0-M1.jar;C:\Users\霉偷煤南\.m2\repository\org\apiguardian\apiguardian-api\1.0.0\apiguardian-api-1.0.0.jar;C:\Users\霉偷煤南\.m2\repository\org\opentest4j\opentest4j\1.1.1\opentest4j-1.1.1.jar;C:\Users\霉偷煤南\.m2\repository\org\junit\platform\junit-platform-commons\1.5.0-M1\junit-platform-commons-1.5.0-M1.jar;C:\Users\霉偷煤南\.m2\repository\junit\junit\4.11\junit-4.11.jar;C:\Users\霉偷煤南\.m2\repository\org\hamcrest\hamcrest-core\1.3\hamcrest-core-1.3.jar;"/>
    <property name="sun.cpu.endian" value="little"/>
    <property name="user.home" value="C:\Users\霉偷煤南"/>
    <property name="user.language" value="zh"/>
    <property name="java.specification.vendor" value="Oracle Corporation"/>
    <property name="java.home" value="C:\Java\jdk1.8.0_11\jre"/>
    <property name="basedir" value="C:\EXCS\IDEA_exc\SSM_Hotel\parent\service"/>
    <property name="file.separator" value="\"/>
    <property name="line.separator" value="&#10;"/>
    <property name="java.vm.specification.vendor" value="Oracle Corporation"/>
    <property name="java.specification.name" value="Java Platform API Specification"/>
    <property name="java.awt.graphicsenv" value="sun.awt.Win32GraphicsEnvironment"/>
    <property name="surefire.real.class.path" value="C:\Users\霉偷煤南\AppData\Local\Temp\surefire5148488069916104969\surefirebooter1457796970832278573.jar"/>
    <property name="sun.boot.class.path" value="C:\Java\jdk1.8.0_11\jre\lib\resources.jar;C:\Java\jdk1.8.0_11\jre\lib\rt.jar;C:\Java\jdk1.8.0_11\jre\lib\sunrsasign.jar;C:\Java\jdk1.8.0_11\jre\lib\jsse.jar;C:\Java\jdk1.8.0_11\jre\lib\jce.jar;C:\Java\jdk1.8.0_11\jre\lib\charsets.jar;C:\Java\jdk1.8.0_11\jre\lib\jfr.jar;C:\Java\jdk1.8.0_11\jre\classes"/>
    <property name="user.script" value=""/>
    <property name="sun.management.compiler" value="HotSpot 64-Bit Tiered Compilers"/>
    <property name="java.runtime.version" value="1.8.0_11-b12"/>
    <property name="user.name" value="霉偷煤南"/>
    <property name="path.separator" value=";"/>
    <property name="os.version" value="6.3"/>
    <property name="java.endorsed.dirs" value="C:\Java\jdk1.8.0_11\jre\lib\endorsed"/>
    <property name="java.runtime.name" value="Java(TM) SE Runtime Environment"/>
    <property name="file.encoding" value="GBK"/>
    <property name="java.vm.name" value="Java HotSpot(TM) 64-Bit Server VM"/>
    <property name="localRepository" value="C:\Users\霉偷煤南\.m2\repository"/>
    <property name="java.vendor.url.bug" value="http://bugreport.sun.com/bugreport/"/>
    <property name="java.io.tmpdir" value="C:\Users\霉偷煤南\AppData\Local\Temp\"/>
    <property name="java.version" value="1.8.0_11"/>
    <property name="user.dir" value="C:\EXCS\IDEA_exc\SSM_Hotel\parent\service"/>
    <property name="os.arch" value="amd64"/>
    <property name="java.vm.specification.name" value="Java Virtual Machine Specification"/>
    <property name="java.awt.printerjob" value="sun.awt.windows.WPrinterJob"/>
    <property name="sun.os.patch.level" value=""/>
    <property name="idea.version2019.1.1" value="true"/>
    <property name="java.library.path" value="C:\Java\jdk1.8.0_11\jre\bin;C:\WINDOWS\Sun\Java\bin;C:\WINDOWS\system32;C:\WINDOWS;C:\Program Files (x86)\Intel\Intel(R) Management Engine Components\iCLS\;C:\Program Files\Intel\Intel(R) Management Engine Components\iCLS\;C:\Windows\system32;C:\Windows;C:\Windows\System32\Wbem;C:\Windows\System32\WindowsPowerShell\v1.0\;C:\Windows\System32\OpenSSH\;C:\Program Files (x86)\Intel\Intel(R) Management Engine Components\DAL;C:\Program Files\Intel\Intel(R) Management Engine Components\DAL;C:\Program Files (x86)\Intel\Intel(R) Management Engine Components\IPT;C:\Program Files\Intel\Intel(R) Management Engine Components\IPT;C:\Program Files (x86)\NVIDIA Corporation\PhysX\Common;C:\WINDOWS\system32;C:\WINDOWS;C:\WINDOWS\System32\Wbem;C:\WINDOWS\System32\WindowsPowerShell\v1.0\;C:\WINDOWS\System32\OpenSSH\;C:\Program Files\nodejs\;C:\fuwuqi\Git\bin;C:\Java\jdk1.8.0_11\bin;C:\Java\jdk1.8.0_11\jre\bin;C:\AS_sdk\android-sdk-windows\tools;C:\Users\霉偷煤南\.gradle\wrapper\dists\gradle-4.10.1-all\455itskqi2qtf0v2sja68alqd\bin;C:\AS_sdk\android-sdk-windows\platform-tools;C:\Program Files\MySQL\MySQL Utilities 1.6\;C:\Program Files\MySQL\MySQL Server 5.7\bin;C:\fuwuqi\maven\apache-maven-3.5.2\bin;C:\Users\霉偷煤南\AppData\Local\Microsoft\WindowsApps;C:\Program Files\Bandizip\;C:\Users\霉偷煤南\AppData\Roaming\npm;C:\AS_sdk\android-sdk-windows\platform-tools;;C:\Program Files\JetBrains\IntelliJ IDEA 2019.1.1\bin;;."/>
    <property name="java.vm.info" value="mixed mode"/>
    <property name="java.vendor" value="Oracle Corporation"/>
    <property name="java.vm.version" value="25.11-b03"/>
    <property name="java.ext.dirs" value="C:\Java\jdk1.8.0_11\jre\lib\ext;C:\WINDOWS\Sun\Java\lib\ext"/>
    <property name="sun.io.unicode.encoding" value="UnicodeLittle"/>
    <property name="java.class.version" value="52.0"/>
  </properties>
  <testcase name="shouldAnswerWithTrue" classname="com.yzx.AppTest" time="0.002"/>
</testsuite>